<?xml version="1.0" encoding="UTF-8"?>
<!-- Generated by org.testng.reporters.JUnitReportReporter -->
<testsuite skipped="0" hostname="DESKTOP-52DLC5T" name="seleniumcode.forgotpasswordtest" tests="1" failures="0" timestamp="2023-10-10T23:24:25 IST" time="10.734" errors="0">
  <testcase name="forgotPasswordtest" time="10.734" classname="seleniumcode.forgotpasswordtest"/>
  <system-out/>
</testsuite> <!-- seleniumcode.forgotpasswordtest -->
